\BOOKMARK [0][-]{chapter.1}{Matlab and Computational Assignment}{}% 1
\BOOKMARK [1][-]{section.1.1}{Algorithm 1: Least Square}{chapter.1}% 2
\BOOKMARK [2][-]{subsection.1.1.1}{Small-scale dataset: Succeed}{section.1.1}% 3
\BOOKMARK [2][-]{subsection.1.1.2}{Medium-scale dataset: Succeed}{section.1.1}% 4
\BOOKMARK [2][-]{subsection.1.1.3}{Large-scale dataset: Failed}{section.1.1}% 5
\BOOKMARK [1][-]{section.1.2}{Algorithm 2: optimization with LASSO}{chapter.1}% 6
\BOOKMARK [2][-]{subsection.1.2.1}{Small-scale dataset: Succeed}{section.1.2}% 7
\BOOKMARK [2][-]{subsection.1.2.2}{Medium-scale dataset: Succeed}{section.1.2}% 8
\BOOKMARK [2][-]{subsection.1.2.3}{Large-scale dataset: Failed}{section.1.2}% 9
\BOOKMARK [1][-]{section.1.3}{Orthogonal Matching Pursuit}{chapter.1}% 10
\BOOKMARK [2][-]{subsection.1.3.1}{Small-scale Dataset: Succeed}{section.1.3}% 11
\BOOKMARK [2][-]{subsection.1.3.2}{Medium-scale Dataset: Succeed}{section.1.3}% 12
\BOOKMARK [2][-]{subsection.1.3.3}{Large-scale Dataset: Succeed}{section.1.3}% 13
\BOOKMARK [0][-]{appendix.A}{Codes Printout}{}% 14
\BOOKMARK [1][-]{section.A.1}{Sparse Recovery}{appendix.A}% 15
\BOOKMARK [2][-]{subsection.A.1.1}{Algorithm 1: Least Square}{section.A.1}% 16
\BOOKMARK [2][-]{subsection.A.1.2}{Algorithm 2: Optimization with LASSO}{section.A.1}% 17
\BOOKMARK [1][-]{section.A.2}{Orthogonal Matching Pursuit}{appendix.A}% 18
\BOOKMARK [2][-]{subsection.A.2.1}{OMP Routine}{section.A.2}% 19
\BOOKMARK [2][-]{subsection.A.2.2}{Regression Scripts}{section.A.2}% 20
