\BOOKMARK [0][-]{part.1}{I Matlab and Computational Assignment}{}
\BOOKMARK [1][-]{section.1}{Gradient Descent on three matrices}{part.1}
\BOOKMARK [2][-]{subsection.1.1}{X1, b1}{section.1}
\BOOKMARK [2][-]{subsection.1.2}{X2, b2}{section.1}
\BOOKMARK [2][-]{subsection.1.3}{X3, b3}{section.1}
\BOOKMARK [1][-]{section.2}{= 1 for the second matrix}{part.1}
\BOOKMARK [0][-]{part.2}{II Written Problems}{}
\BOOKMARK [1][-]{section.1}{Othorognal Subspace}{part.2}
\BOOKMARK [2][-]{subsection.1.1}{Show that if U is a subspace, then so is U}{section.1}
\BOOKMARK [2][-]{subsection.1.2}{Show that \(U\) = U}{section.1}
\BOOKMARK [2][-]{subsection.1.3}{Show that if U, W V are subspaces of V, then U W UW}{section.1}
\BOOKMARK [2][-]{subsection.1.4}{Show that X makes sense, X is a subspace and \(X\) X}{section.1}
\BOOKMARK [2][-]{subsection.1.5}{Show that any v V can be written uniquely as v = u + u}{section.1}
\BOOKMARK [1][-]{section.2}{Boyd and Vandenberghe, Ex. 2.10}{part.2}
\BOOKMARK [2][-]{subsection.2.1}{Show that if A S+n then the set C is convex}{section.2}
\BOOKMARK [2][-]{subsection.2.2}{Show that C1 is convex if there exists R such that \(A + ggT\) S+n}{section.2}
\BOOKMARK [1][-]{section.3}{Boyd and Vandenberghe, Ex. 2.21}{part.2}
\BOOKMARK [1][-]{section.7}{\173x: ||x-v1|| ||x-v2||\175 = \173x: cT x d\175}{part.2}
\BOOKMARK [1][-]{section.8}{Exists C such that CA = B}{part.2}
\BOOKMARK [1][-]{appendix.A}{Codes Printout}{part.2}
\BOOKMARK [2][-]{subsection.A.1}{Gradient Descent Routine}{appendix.A}
\BOOKMARK [2][-]{subsection.A.2}{Running Script}{appendix.A}
